<?xml version="1.0" encoding="UTF-8"?>
<!-- Generated by org.testng.reporters.JUnitXMLReporter -->
<testsuite ignored="4" hostname="deeapaksharma15" failures="0" tests="3" name="MyTest" time="106.56" errors="0" timestamp="2023-07-05T11:07:08 IST">
  <testcase classname="com.nagpassignment.flipkart.uitestcases.ProductDetailTest" name="VerifyCorrectRatesAfterDiscount" time="21.731">
    <skipped/>
  </testcase> <!-- VerifyCorrectRatesAfterDiscount -->
  <testcase classname="com.nagpassignment.flipkart.uitestcases.ProductDetailTest" name="VerifyCorrectRatesAfterDiscount" time="25.935"/>
  <testcase classname="com.nagpassignment.flipkart.uitestcases.ProductDetailTest" name="VerifyCorrectRatesAfterDiscount" time="7.329"/>
  <testcase classname="com.nagpassignment.flipkart.uitestcases.ProductDetailTest" name="verifyNoBrokenLinks" time="0.0">
    <ignored/>
  </testcase> <!-- verifyNoBrokenLinks -->
  <testcase classname="com.nagpassignment.flipkart.uitestcases.ProductDetailTest" name="VerifyAddToCart" time="0.0">
    <ignored/>
  </testcase> <!-- VerifyAddToCart -->
  <testcase classname="com.nagpassignment.flipkart.uitestcases.ProductDetailTest" name="VerifyValiadAndInvalidPincode" time="0.0">
    <ignored/>
  </testcase> <!-- VerifyValiadAndInvalidPincode -->
  <testcase classname="com.nagpassignment.flipkart.uitestcases.ProductDetailTest" name="verifyNoBrokenImages" time="0.0">
    <ignored/>
  </testcase> <!-- verifyNoBrokenImages -->
</testsuite> <!-- MyTest -->
