<?xml version="1.0" encoding="UTF-8"?>
<!-- Generated by org.testng.reporters.JUnitXMLReporter -->
<testsuite ignored="4" hostname="deeapaksharma15" failures="0" tests="3" name="MyTest" time="56.686" errors="0" timestamp="2023-08-01T12:55:30 IST">
  <testcase classname="com.nagpassignment.flipkart.uitestcases.ProductDetailTest" name="VerifyCorrectRatesAfterDiscount" time="1.435">
    <skipped/>
  </testcase> <!-- VerifyCorrectRatesAfterDiscount -->
  <testcase classname="com.nagpassignment.flipkart.uitestcases.ProductDetailTest" name="VerifyCorrectRatesAfterDiscount" time="7.225"/>
  <testcase classname="com.nagpassignment.flipkart.uitestcases.ProductDetailTest" name="VerifyCorrectRatesAfterDiscount" time="8.488"/>
  <testcase classname="com.nagpassignment.flipkart.uitestcases.ProductDetailTest" name="verifyNoBrokenLinks" time="0.0">
    <ignored/>
  </testcase> <!-- verifyNoBrokenLinks -->
  <testcase classname="com.nagpassignment.flipkart.uitestcases.ProductDetailTest" name="VerifyAddToCart" time="0.0">
    <ignored/>
  </testcase> <!-- VerifyAddToCart -->
  <testcase classname="com.nagpassignment.flipkart.uitestcases.ProductDetailTest" name="VerifyValiadAndInvalidPincode" time="0.0">
    <ignored/>
  </testcase> <!-- VerifyValiadAndInvalidPincode -->
  <testcase classname="com.nagpassignment.flipkart.uitestcases.ProductDetailTest" name="verifyNoBrokenImages" time="0.0">
    <ignored/>
  </testcase> <!-- verifyNoBrokenImages -->
</testsuite> <!-- MyTest -->
