<?xml version="1.0" encoding="UTF-8"?>
<!-- Generated by org.testng.reporters.JUnitXMLReporter -->
<testsuite ignored="4" hostname="deeapaksharma15" failures="0" tests="2" name="MyTest" time="66.152" errors="0" timestamp="2023-07-24T19:01:26 IST">
  <testcase classname="com.nagpassignment.flipkart.uitestcases.ProductDetailTest" name="VerifyCorrectRatesAfterDiscount" time="33.493"/>
  <testcase classname="com.nagpassignment.flipkart.uitestcases.ProductDetailTest" name="VerifyCorrectRatesAfterDiscount" time="6.895"/>
  <testcase classname="com.nagpassignment.flipkart.uitestcases.ProductDetailTest" name="verifyNoBrokenLinks" time="0.0">
    <ignored/>
  </testcase> <!-- verifyNoBrokenLinks -->
  <testcase classname="com.nagpassignment.flipkart.uitestcases.ProductDetailTest" name="VerifyAddToCart" time="0.0">
    <ignored/>
  </testcase> <!-- VerifyAddToCart -->
  <testcase classname="com.nagpassignment.flipkart.uitestcases.ProductDetailTest" name="VerifyValiadAndInvalidPincode" time="0.0">
    <ignored/>
  </testcase> <!-- VerifyValiadAndInvalidPincode -->
  <testcase classname="com.nagpassignment.flipkart.uitestcases.ProductDetailTest" name="verifyNoBrokenImages" time="0.0">
    <ignored/>
  </testcase> <!-- verifyNoBrokenImages -->
</testsuite> <!-- MyTest -->
