<?xml version="1.0" encoding="UTF-8"?>
<testsuite xmlns:xsi="http://www.w3.org/2001/XMLSchema-instance" xsi:noNamespaceSchemaLocation="https://maven.apache.org/surefire/maven-surefire-plugin/xsd/surefire-test-report-3.0.xsd" version="3.0" name="TestSuite" time="59.222" tests="3" errors="0" skipped="1" failures="0">
  <properties>
[...]
</properties>
  <testcase name="VerifyCorrectRatesAfterDiscount[Computer](1)" classname="com.nagpassignment.flipkart.uitestcases.ProductDetailTest" time="0">
    <skipped message="element click intercepted: Element &lt;input class=&quot;Pke_EE&quot; type=&quot;text&quot; title=&quot;Search for Products, Brands and More&quot; name=&quot;q&quot; autocomplete=&quot;off&quot; placeholder=&quot;Search for Products, Brands and More&quot; value=&quot;&quot;&gt; is not clickable at point (475, 32). Other element would receive the click: &lt;div class=&quot;_23axDd&quot;&gt;&lt;/div&gt;&#10;  (Session info: chrome=115.0.5790.110)&#10;Build info: version: &apos;4.8.3&apos;, revision: &apos;e5e76298c3&apos;&#10;System info: os.name: &apos;Windows 11&apos;, os.arch: &apos;amd64&apos;, os.version: &apos;10.0&apos;, java.version: &apos;17.0.8&apos;&#10;Driver info: org.openqa.selenium.chrome.ChromeDriver&#10;Command: [7c882a1d4261353239e1ea5b5ea1e779, clickElement {id=4911AB1170FDA0B8C1782117880BC205_element_104}]&#10;Capabilities {acceptInsecureCerts: false, browserName: chrome, browserVersion: 115.0.5790.110, chrome: {chromedriverVersion: 114.0.5735.90 (386bc09e8f4f..., userDataDir: C:\Users\DEEPAK~1\AppData\L...}, goog:chromeOptions: {debuggerAddress: localhost:61548}, networkConnectionEnabled: false, pageLoadStrategy: normal, platformName: WINDOWS, proxy: Proxy(), se:cdp: ws://localhost:61548/devtoo..., se:cdpVersion: 115.0.5790.110, setWindowRect: true, strictFileInteractability: false, timeouts: {implicit: 0, pageLoad: 300000, script: 30000}, unhandledPromptBehavior: dismiss and notify, webauthn:extension:credBlob: true, webauthn:extension:largeBlob: true, webauthn:extension:minPinLength: true, webauthn:extension:prf: true, webauthn:virtualAuthenticators: true}&#10;Element: [[ChromeDriver: chrome on WINDOWS (7c882a1d4261353239e1ea5b5ea1e779)] -&gt; xpath: //input[@name=&apos;q&apos;]]&#10;Session ID: 7c882a1d4261353239e1ea5b5ea1e779"/>
    <system-out><![CDATA[Test 'VerifyCorrectRatesAfterDiscount' started.
Clicking on element: Element [Tag: input, Text: ]
]]></system-out>
    <system-err><![CDATA[SLF4J: Failed to load class "org.slf4j.impl.StaticLoggerBinder".
SLF4J: Defaulting to no-operation (NOP) logger implementation
SLF4J: See http://www.slf4j.org/codes.html#StaticLoggerBinder for further details.
Starting ChromeDriver 114.0.5735.90 (386bc09e8f4f2e025eddae123f36f6263096ae49-refs/branch-heads/5735@{#1052}) on port 44306
Only local connections are allowed.
Please see https://chromedriver.chromium.org/security-considerations for suggestions on keeping ChromeDriver safe.
ChromeDriver was started successfully.
[1690874680.565][WARNING]: This version of ChromeDriver has not been tested with Chrome version 115.
Aug 01, 2023 12:54:41 PM org.openqa.selenium.devtools.CdpVersionFinder findNearestMatch
WARNING: Unable to find an exact match for CDP version 115, so returning the closest version found: 111
]]></system-err>
  </testcase>
  <testcase name="VerifyCorrectRatesAfterDiscount[Computer](2)" classname="com.nagpassignment.flipkart.uitestcases.ProductDetailTest" time="7.176">
    <system-out><![CDATA[Clicking on element: Element [Tag: button, Text: ✕]
Test 'VerifyCorrectRatesAfterDiscount' started.
Clicking on element: Element [Tag: input, Text: ]
Clicked on element: Element [Tag: input, Text: ]
Clicking on element: Element [Tag: button, Text: ]
Clicked on element: Element [Tag: button, Text: ]
Clicking on element: Element [Tag: a, Text: ASSEMBLD 2000 Core i3 (8 GB DDR3/1 TB/128 GB SSD/Window...]
Clicked on element: Element [Tag: a, Text: ASSEMBLD 2000 Core i3 (8 GB DDR3/1 TB/128 GB SSD/Window...]
]]></system-out>
    <system-err><![CDATA[Aug 01, 2023 12:54:59 PM org.openqa.selenium.remote.http.WebSocket$Listener onError
WARNING: Connection reset
java.net.SocketException: Connection reset
	at java.base/sun.nio.ch.SocketChannelImpl.throwConnectionReset(SocketChannelImpl.java:394)
	at java.base/sun.nio.ch.SocketChannelImpl.read(SocketChannelImpl.java:426)
	at io.netty.buffer.PooledByteBuf.setBytes(PooledByteBuf.java:256)
	at io.netty.buffer.AbstractByteBuf.writeBytes(AbstractByteBuf.java:1132)
	at io.netty.channel.socket.nio.NioSocketChannel.doReadBytes(NioSocketChannel.java:357)
	at io.netty.channel.nio.AbstractNioByteChannel$NioByteUnsafe.read(AbstractNioByteChannel.java:151)
	at io.netty.channel.nio.NioEventLoop.processSelectedKey(NioEventLoop.java:788)
	at io.netty.channel.nio.NioEventLoop.processSelectedKeysOptimized(NioEventLoop.java:724)
	at io.netty.channel.nio.NioEventLoop.processSelectedKeys(NioEventLoop.java:650)
	at io.netty.channel.nio.NioEventLoop.run(NioEventLoop.java:562)
	at io.netty.util.concurrent.SingleThreadEventExecutor$4.run(SingleThreadEventExecutor.java:997)
	at io.netty.util.internal.ThreadExecutorMap$2.run(ThreadExecutorMap.java:74)
	at io.netty.util.concurrent.FastThreadLocalRunnable.run(FastThreadLocalRunnable.java:30)
	at java.base/java.lang.Thread.run(Thread.java:833)

Starting ChromeDriver 114.0.5735.90 (386bc09e8f4f2e025eddae123f36f6263096ae49-refs/branch-heads/5735@{#1052}) on port 29282
Only local connections are allowed.
Please see https://chromedriver.chromium.org/security-considerations for suggestions on keeping ChromeDriver safe.
ChromeDriver was started successfully.
[1690874702.741][WARNING]: This version of ChromeDriver has not been tested with Chrome version 115.
Aug 01, 2023 12:55:03 PM org.openqa.selenium.devtools.CdpVersionFinder findNearestMatch
WARNING: Unable to find an exact match for CDP version 115, so returning the closest version found: 111
]]></system-err>
  </testcase>
  <testcase name="VerifyCorrectRatesAfterDiscount[HeadPhones](3)" classname="com.nagpassignment.flipkart.uitestcases.ProductDetailTest" time="8.434">
    <system-out><![CDATA[Test 'VerifyCorrectRatesAfterDiscount' passed.
Clicking on element: Element [Tag: button, Text: ✕]
Test 'VerifyCorrectRatesAfterDiscount' started.
Clicking on element: Element [Tag: input, Text: ]
Clicked on element: Element [Tag: input, Text: ]
Clicking on element: Element [Tag: button, Text: ]
Clicked on element: Element [Tag: button, Text: ]
Clicking on element: Element [Tag: a, Text: Boult Audio X50 with 40Hr Battery, Quad Mic ENC, 45ms U...]
Clicked on element: Element [Tag: a, Text: Boult Audio X50 with 40Hr Battery, Quad Mic ENC, 45ms U...]
]]></system-out>
    <system-err><![CDATA[Aug 01, 2023 12:55:14 PM org.openqa.selenium.remote.http.WebSocket$Listener onError
WARNING: Connection reset
java.net.SocketException: Connection reset
	at java.base/sun.nio.ch.SocketChannelImpl.throwConnectionReset(SocketChannelImpl.java:394)
	at java.base/sun.nio.ch.SocketChannelImpl.read(SocketChannelImpl.java:426)
	at io.netty.buffer.PooledByteBuf.setBytes(PooledByteBuf.java:256)
	at io.netty.buffer.AbstractByteBuf.writeBytes(AbstractByteBuf.java:1132)
	at io.netty.channel.socket.nio.NioSocketChannel.doReadBytes(NioSocketChannel.java:357)
	at io.netty.channel.nio.AbstractNioByteChannel$NioByteUnsafe.read(AbstractNioByteChannel.java:151)
	at io.netty.channel.nio.NioEventLoop.processSelectedKey(NioEventLoop.java:788)
	at io.netty.channel.nio.NioEventLoop.processSelectedKeysOptimized(NioEventLoop.java:724)
	at io.netty.channel.nio.NioEventLoop.processSelectedKeys(NioEventLoop.java:650)
	at io.netty.channel.nio.NioEventLoop.run(NioEventLoop.java:562)
	at io.netty.util.concurrent.SingleThreadEventExecutor$4.run(SingleThreadEventExecutor.java:997)
	at io.netty.util.internal.ThreadExecutorMap$2.run(ThreadExecutorMap.java:74)
	at io.netty.util.concurrent.FastThreadLocalRunnable.run(FastThreadLocalRunnable.java:30)
	at java.base/java.lang.Thread.run(Thread.java:833)

Starting ChromeDriver 114.0.5735.90 (386bc09e8f4f2e025eddae123f36f6263096ae49-refs/branch-heads/5735@{#1052}) on port 45837
Only local connections are allowed.
Please see https://chromedriver.chromium.org/security-considerations for suggestions on keeping ChromeDriver safe.
ChromeDriver was started successfully.
[1690874717.362][WARNING]: This version of ChromeDriver has not been tested with Chrome version 115.
Aug 01, 2023 12:55:17 PM org.openqa.selenium.devtools.CdpVersionFinder findNearestMatch
WARNING: Unable to find an exact match for CDP version 115, so returning the closest version found: 111
]]></system-err>
  </testcase>
</testsuite>