<?xml version="1.0" encoding="UTF-8"?>
<testng-results retried="1" ignored="4" total="7" passed="2" failed="0" skipped="0">
  <reporter-output>
  </reporter-output>
  <suite started-at="2023-08-01T12:54:34 IST" name="MyTestSuite" finished-at="2023-08-01T12:55:30 IST" duration-ms="56686">
    <groups>
      <group name="productDetail,Regression">
        <method signature="ProductDetailTest.VerifyCorrectRatesAfterDiscount(java.lang.String)[pri:0, instance:com.nagpassignment.flipkart.uitestcases.ProductDetailTest@35229f85]" name="VerifyCorrectRatesAfterDiscount" class="com.nagpassignment.flipkart.uitestcases.ProductDetailTest"/>
      </group> <!-- productDetail,Regression -->
    </groups>
    <test started-at="2023-08-01T12:54:34 IST" name="MyTest" finished-at="2023-08-01T12:55:30 IST" duration-ms="56686">
      <class name="com.nagpassignment.flipkart.uitestcases.ProductDetailTest">
        <test-method is-config="true" signature="setUp()[pri:0, instance:com.nagpassignment.flipkart.uitestcases.ProductDetailTest@35229f85]" started-at="2023-08-01T12:54:34 IST" name="setUp" finished-at="2023-08-01T12:54:34 IST" duration-ms="229" status="PASS">
          <reporter-output>
          </reporter-output>
        </test-method> <!-- setUp -->
        <test-method is-config="true" signature="beforeMethodUI()[pri:0, instance:com.nagpassignment.flipkart.uitestcases.ProductDetailTest@35229f85]" started-at="2023-08-01T12:54:35 IST" name="beforeMethodUI" finished-at="2023-08-01T12:54:41 IST" duration-ms="5966" status="PASS">
          <reporter-output>
          </reporter-output>
        </test-method> <!-- beforeMethodUI -->
        <test-method is-config="true" signature="setupBeforeMethod(org.testng.ITestResult)[pri:0, instance:com.nagpassignment.flipkart.uitestcases.ProductDetailTest@35229f85]" started-at="2023-08-01T12:54:41 IST" name="setupBeforeMethod" finished-at="2023-08-01T12:54:57 IST" duration-ms="15955" status="PASS">
          <params>
            <param index="0">
              <value>
                <![CDATA[[TestResult name={null} status=CREATED method=ProductDetailTest.VerifyCorrectRatesAfterDiscount(java.lang.String)[pri:0, instance:com.nagpassignment.flipkart.uitestcases.ProductDetailTest@35229f85] output={null}]]]>
              </value>
            </param>
          </params>
          <reporter-output>
          </reporter-output>
        </test-method> <!-- setupBeforeMethod -->
        <test-method retried="true" signature="VerifyCorrectRatesAfterDiscount(java.lang.String)[pri:0, instance:com.nagpassignment.flipkart.uitestcases.ProductDetailTest@35229f85]" started-at="2023-08-01T12:54:57 IST" name="VerifyCorrectRatesAfterDiscount" description="Verify correct rates after discount" data-provider="testData" finished-at="2023-08-01T12:54:58 IST" duration-ms="1435" status="SKIP">
          <params>
            <param index="0">
              <value>
                <![CDATA[Computer]]>
              </value>
            </param>
          </params>
          <exception class="org.openqa.selenium.ElementClickInterceptedException">
            <message>
              <![CDATA[element click intercepted: Element <input class="Pke_EE" type="text" title="Search for Products, Brands and More" name="q" autocomplete="off" placeholder="Search for Products, Brands and More" value=""> is not clickable at point (475, 32). Other element would receive the click: <div class="_23axDd"></div>
  (Session info: chrome=115.0.5790.110)
Build info: version: '4.8.3', revision: 'e5e76298c3'
System info: os.name: 'Windows 11', os.arch: 'amd64', os.version: '10.0', java.version: '17.0.8'
Driver info: org.openqa.selenium.chrome.ChromeDriver
Command: [7c882a1d4261353239e1ea5b5ea1e779, clickElement {id=4911AB1170FDA0B8C1782117880BC205_element_104}]
Capabilities {acceptInsecureCerts: false, browserName: chrome, browserVersion: 115.0.5790.110, chrome: {chromedriverVersion: 114.0.5735.90 (386bc09e8f4f..., userDataDir: C:\Users\DEEPAK~1\AppData\L...}, goog:chromeOptions: {debuggerAddress: localhost:61548}, networkConnectionEnabled: false, pageLoadStrategy: normal, platformName: WINDOWS, proxy: Proxy(), se:cdp: ws://localhost:61548/devtoo..., se:cdpVersion: 115.0.5790.110, setWindowRect: true, strictFileInteractability: false, timeouts: {implicit: 0, pageLoad: 300000, script: 30000}, unhandledPromptBehavior: dismiss and notify, webauthn:extension:credBlob: true, webauthn:extension:largeBlob: true, webauthn:extension:minPinLength: true, webauthn:extension:prf: true, webauthn:virtualAuthenticators: true}
Element: [[ChromeDriver: chrome on WINDOWS (7c882a1d4261353239e1ea5b5ea1e779)] -> xpath: //input[@name='q']]
Session ID: 7c882a1d4261353239e1ea5b5ea1e779]]>
            </message>
            <full-stacktrace>
              <![CDATA[org.openqa.selenium.ElementClickInterceptedException: element click intercepted: Element <input class="Pke_EE" type="text" title="Search for Products, Brands and More" name="q" autocomplete="off" placeholder="Search for Products, Brands and More" value=""> is not clickable at point (475, 32). Other element would receive the click: <div class="_23axDd"></div>
  (Session info: chrome=115.0.5790.110)
Build info: version: '4.8.3', revision: 'e5e76298c3'
System info: os.name: 'Windows 11', os.arch: 'amd64', os.version: '10.0', java.version: '17.0.8'
Driver info: org.openqa.selenium.chrome.ChromeDriver
Command: [7c882a1d4261353239e1ea5b5ea1e779, clickElement {id=4911AB1170FDA0B8C1782117880BC205_element_104}]
Capabilities {acceptInsecureCerts: false, browserName: chrome, browserVersion: 115.0.5790.110, chrome: {chromedriverVersion: 114.0.5735.90 (386bc09e8f4f..., userDataDir: C:\Users\DEEPAK~1\AppData\L...}, goog:chromeOptions: {debuggerAddress: localhost:61548}, networkConnectionEnabled: false, pageLoadStrategy: normal, platformName: WINDOWS, proxy: Proxy(), se:cdp: ws://localhost:61548/devtoo..., se:cdpVersion: 115.0.5790.110, setWindowRect: true, strictFileInteractability: false, timeouts: {implicit: 0, pageLoad: 300000, script: 30000}, unhandledPromptBehavior: dismiss and notify, webauthn:extension:credBlob: true, webauthn:extension:largeBlob: true, webauthn:extension:minPinLength: true, webauthn:extension:prf: true, webauthn:virtualAuthenticators: true}
Element: [[ChromeDriver: chrome on WINDOWS (7c882a1d4261353239e1ea5b5ea1e779)] -> xpath: //input[@name='q']]
Session ID: 7c882a1d4261353239e1ea5b5ea1e779
at java.base/jdk.internal.reflect.NativeConstructorAccessorImpl.newInstance0(Native Method)
at java.base/jdk.internal.reflect.NativeConstructorAccessorImpl.newInstance(NativeConstructorAccessorImpl.java:77)
at java.base/jdk.internal.reflect.DelegatingConstructorAccessorImpl.newInstance(DelegatingConstructorAccessorImpl.java:45)
at java.base/java.lang.reflect.Constructor.newInstanceWithCaller(Constructor.java:499)
at java.base/java.lang.reflect.Constructor.newInstance(Constructor.java:480)
at org.openqa.selenium.remote.codec.w3c.W3CHttpResponseCodec.createException(W3CHttpResponseCodec.java:200)
at org.openqa.selenium.remote.codec.w3c.W3CHttpResponseCodec.decode(W3CHttpResponseCodec.java:133)
at org.openqa.selenium.remote.codec.w3c.W3CHttpResponseCodec.decode(W3CHttpResponseCodec.java:53)
at org.openqa.selenium.remote.HttpCommandExecutor.execute(HttpCommandExecutor.java:193)
at org.openqa.selenium.remote.service.DriverCommandExecutor.invokeExecute(DriverCommandExecutor.java:183)
at org.openqa.selenium.remote.service.DriverCommandExecutor.execute(DriverCommandExecutor.java:158)
at org.openqa.selenium.remote.RemoteWebDriver.execute(RemoteWebDriver.java:543)
at org.openqa.selenium.remote.RemoteWebElement.execute(RemoteWebElement.java:257)
at org.openqa.selenium.remote.RemoteWebElement.click(RemoteWebElement.java:78)
at java.base/jdk.internal.reflect.NativeMethodAccessorImpl.invoke0(Native Method)
at java.base/jdk.internal.reflect.NativeMethodAccessorImpl.invoke(NativeMethodAccessorImpl.java:77)
at java.base/jdk.internal.reflect.DelegatingMethodAccessorImpl.invoke(DelegatingMethodAccessorImpl.java:43)
at java.base/java.lang.reflect.Method.invoke(Method.java:568)
at org.openqa.selenium.support.events.EventFiringWebDriver$EventFiringWebElement.lambda$new$0(EventFiringWebDriver.java:378)
at jdk.proxy2/jdk.proxy2.$Proxy33.click(Unknown Source)
at org.openqa.selenium.support.events.EventFiringWebDriver$EventFiringWebElement.click(EventFiringWebDriver.java:391)
at java.base/jdk.internal.reflect.NativeMethodAccessorImpl.invoke0(Native Method)
at java.base/jdk.internal.reflect.NativeMethodAccessorImpl.invoke(NativeMethodAccessorImpl.java:77)
at java.base/jdk.internal.reflect.DelegatingMethodAccessorImpl.invoke(DelegatingMethodAccessorImpl.java:43)
at java.base/java.lang.reflect.Method.invoke(Method.java:568)
at org.openqa.selenium.support.pagefactory.internal.LocatingElementHandler.invoke(LocatingElementHandler.java:52)
at jdk.proxy2/jdk.proxy2.$Proxy32.click(Unknown Source)
at com.nagpassignment.flipkart.pages.FlipkartSearchPage.searchProduct(FlipkartSearchPage.java:94)
at com.nagpassignment.flipkart.pages.FlipkartSearchPage.goToProductDetailPage(FlipkartSearchPage.java:201)
at com.nagpassignment.flipkart.uitestcases.ProductDetailTest.VerifyCorrectRatesAfterDiscount(ProductDetailTest.java:159)
at java.base/jdk.internal.reflect.NativeMethodAccessorImpl.invoke0(Native Method)
at java.base/jdk.internal.reflect.NativeMethodAccessorImpl.invoke(NativeMethodAccessorImpl.java:77)
at java.base/jdk.internal.reflect.DelegatingMethodAccessorImpl.invoke(DelegatingMethodAccessorImpl.java:43)
at java.base/java.lang.reflect.Method.invoke(Method.java:568)
at org.testng.internal.MethodInvocationHelper.invokeMethod(MethodInvocationHelper.java:133)
at org.testng.internal.TestInvoker.invokeMethod(TestInvoker.java:598)
at org.testng.internal.TestInvoker.invokeTestMethod(TestInvoker.java:173)
at org.testng.internal.MethodRunner.runInSequence(MethodRunner.java:46)
at org.testng.internal.TestInvoker$MethodInvocationAgent.invoke(TestInvoker.java:824)
at org.testng.internal.TestInvoker.invokeTestMethods(TestInvoker.java:146)
at org.testng.internal.TestMethodWorker.invokeTestMethods(TestMethodWorker.java:146)
at org.testng.internal.TestMethodWorker.run(TestMethodWorker.java:128)
at java.base/java.util.ArrayList.forEach(ArrayList.java:1511)
at org.testng.TestRunner.privateRun(TestRunner.java:794)
at org.testng.TestRunner.run(TestRunner.java:596)
at org.testng.SuiteRunner.runTest(SuiteRunner.java:377)
at org.testng.SuiteRunner.runSequentially(SuiteRunner.java:371)
at org.testng.SuiteRunner.privateRun(SuiteRunner.java:332)
at org.testng.SuiteRunner.run(SuiteRunner.java:276)
at org.testng.SuiteRunnerWorker.runSuite(SuiteRunnerWorker.java:53)
at org.testng.SuiteRunnerWorker.run(SuiteRunnerWorker.java:96)
at org.testng.TestNG.runSuitesSequentially(TestNG.java:1212)
at org.testng.TestNG.runSuitesLocally(TestNG.java:1134)
at org.testng.TestNG.runSuites(TestNG.java:1063)
at org.testng.TestNG.run(TestNG.java:1031)
at org.apache.maven.surefire.testng.TestNGExecutor.run(TestNGExecutor.java:284)
at org.apache.maven.surefire.testng.TestNGXmlTestSuite.execute(TestNGXmlTestSuite.java:75)
at org.apache.maven.surefire.testng.TestNGProvider.invoke(TestNGProvider.java:119)
at org.apache.maven.surefire.booter.ForkedBooter.runSuitesInProcess(ForkedBooter.java:428)
at org.apache.maven.surefire.booter.ForkedBooter.execute(ForkedBooter.java:162)
at org.apache.maven.surefire.booter.ForkedBooter.run(ForkedBooter.java:562)
at org.apache.maven.surefire.booter.ForkedBooter.main(ForkedBooter.java:548)
]]>
            </full-stacktrace>
          </exception> <!-- org.openqa.selenium.ElementClickInterceptedException -->
          <reporter-output>
          </reporter-output>
        </test-method> <!-- VerifyCorrectRatesAfterDiscount -->
        <test-method is-config="true" signature="teardownAfterMethod(org.testng.ITestResult)[pri:0, instance:com.nagpassignment.flipkart.uitestcases.ProductDetailTest@35229f85]" started-at="2023-08-01T12:54:58 IST" name="teardownAfterMethod" finished-at="2023-08-01T12:54:58 IST" duration-ms="15" status="PASS">
          <params>
            <param index="0">
              <value>
                <![CDATA[[TestResult name=VerifyCorrectRatesAfterDiscount status=SKIP method=ProductDetailTest.VerifyCorrectRatesAfterDiscount(java.lang.String)[pri:0, instance:com.nagpassignment.flipkart.uitestcases.ProductDetailTest@35229f85] output={null}]]]>
              </value>
            </param>
          </params>
          <reporter-output>
          </reporter-output>
        </test-method> <!-- teardownAfterMethod -->
        <test-method is-config="true" signature="afterMethodUI()[pri:0, instance:com.nagpassignment.flipkart.uitestcases.ProductDetailTest@35229f85]" started-at="2023-08-01T12:54:58 IST" name="afterMethodUI" finished-at="2023-08-01T12:55:00 IST" duration-ms="1134" status="PASS">
          <reporter-output>
          </reporter-output>
        </test-method> <!-- afterMethodUI -->
        <test-method is-config="true" signature="beforeMethodUI()[pri:0, instance:com.nagpassignment.flipkart.uitestcases.ProductDetailTest@35229f85]" started-at="2023-08-01T12:55:00 IST" name="beforeMethodUI" finished-at="2023-08-01T12:55:03 IST" duration-ms="3192" status="PASS">
          <reporter-output>
          </reporter-output>
        </test-method> <!-- beforeMethodUI -->
        <test-method is-config="true" signature="setupBeforeMethod(org.testng.ITestResult)[pri:0, instance:com.nagpassignment.flipkart.uitestcases.ProductDetailTest@35229f85]" started-at="2023-08-01T12:55:03 IST" name="setupBeforeMethod" finished-at="2023-08-01T12:55:07 IST" duration-ms="3738" status="PASS">
          <params>
            <param index="0">
              <value>
                <![CDATA[[TestResult name={null} status=CREATED method=ProductDetailTest.VerifyCorrectRatesAfterDiscount(java.lang.String)[pri:0, instance:com.nagpassignment.flipkart.uitestcases.ProductDetailTest@35229f85] output={null}]]]>
              </value>
            </param>
          </params>
          <reporter-output>
          </reporter-output>
        </test-method> <!-- setupBeforeMethod -->
        <test-method signature="VerifyCorrectRatesAfterDiscount(java.lang.String)[pri:0, instance:com.nagpassignment.flipkart.uitestcases.ProductDetailTest@35229f85]" started-at="2023-08-01T12:55:07 IST" name="VerifyCorrectRatesAfterDiscount" description="Verify correct rates after discount" data-provider="testData" finished-at="2023-08-01T12:55:14 IST" duration-ms="7225" status="PASS">
          <params>
            <param index="0">
              <value>
                <![CDATA[Computer]]>
              </value>
            </param>
          </params>
          <reporter-output>
          </reporter-output>
        </test-method> <!-- VerifyCorrectRatesAfterDiscount -->
        <test-method is-config="true" signature="teardownAfterMethod(org.testng.ITestResult)[pri:0, instance:com.nagpassignment.flipkart.uitestcases.ProductDetailTest@35229f85]" started-at="2023-08-01T12:55:14 IST" name="teardownAfterMethod" finished-at="2023-08-01T12:55:14 IST" duration-ms="0" status="PASS">
          <params>
            <param index="0">
              <value>
                <![CDATA[[TestResult name=VerifyCorrectRatesAfterDiscount status=SUCCESS method=ProductDetailTest.VerifyCorrectRatesAfterDiscount(java.lang.String)[pri:0, instance:com.nagpassignment.flipkart.uitestcases.ProductDetailTest@35229f85] output={null}]]]>
              </value>
            </param>
          </params>
          <reporter-output>
          </reporter-output>
        </test-method> <!-- teardownAfterMethod -->
        <test-method is-config="true" signature="afterMethodUI()[pri:0, instance:com.nagpassignment.flipkart.uitestcases.ProductDetailTest@35229f85]" started-at="2023-08-01T12:55:14 IST" name="afterMethodUI" finished-at="2023-08-01T12:55:15 IST" duration-ms="781" status="PASS">
          <reporter-output>
          </reporter-output>
        </test-method> <!-- afterMethodUI -->
        <test-method is-config="true" signature="beforeMethodUI()[pri:0, instance:com.nagpassignment.flipkart.uitestcases.ProductDetailTest@35229f85]" started-at="2023-08-01T12:55:15 IST" name="beforeMethodUI" finished-at="2023-08-01T12:55:17 IST" duration-ms="2587" status="PASS">
          <reporter-output>
          </reporter-output>
        </test-method> <!-- beforeMethodUI -->
        <test-method is-config="true" signature="setupBeforeMethod(org.testng.ITestResult)[pri:0, instance:com.nagpassignment.flipkart.uitestcases.ProductDetailTest@35229f85]" started-at="2023-08-01T12:55:17 IST" name="setupBeforeMethod" finished-at="2023-08-01T12:55:21 IST" duration-ms="3861" status="PASS">
          <params>
            <param index="0">
              <value>
                <![CDATA[[TestResult name={null} status=CREATED method=ProductDetailTest.VerifyCorrectRatesAfterDiscount(java.lang.String)[pri:0, instance:com.nagpassignment.flipkart.uitestcases.ProductDetailTest@35229f85] output={null}]]]>
              </value>
            </param>
          </params>
          <reporter-output>
          </reporter-output>
        </test-method> <!-- setupBeforeMethod -->
        <test-method signature="VerifyCorrectRatesAfterDiscount(java.lang.String)[pri:0, instance:com.nagpassignment.flipkart.uitestcases.ProductDetailTest@35229f85]" started-at="2023-08-01T12:55:21 IST" name="VerifyCorrectRatesAfterDiscount" description="Verify correct rates after discount" data-provider="testData" finished-at="2023-08-01T12:55:30 IST" duration-ms="8488" status="PASS">
          <params>
            <param index="0">
              <value>
                <![CDATA[HeadPhones]]>
              </value>
            </param>
          </params>
          <reporter-output>
          </reporter-output>
        </test-method> <!-- VerifyCorrectRatesAfterDiscount -->
        <test-method is-config="true" signature="teardownAfterMethod(org.testng.ITestResult)[pri:0, instance:com.nagpassignment.flipkart.uitestcases.ProductDetailTest@35229f85]" started-at="2023-08-01T12:55:30 IST" name="teardownAfterMethod" finished-at="2023-08-01T12:55:30 IST" duration-ms="0" status="PASS">
          <params>
            <param index="0">
              <value>
                <![CDATA[[TestResult name=VerifyCorrectRatesAfterDiscount status=SUCCESS method=ProductDetailTest.VerifyCorrectRatesAfterDiscount(java.lang.String)[pri:0, instance:com.nagpassignment.flipkart.uitestcases.ProductDetailTest@35229f85] output={null}]]]>
              </value>
            </param>
          </params>
          <reporter-output>
          </reporter-output>
        </test-method> <!-- teardownAfterMethod -->
        <test-method is-config="true" signature="afterMethodUI()[pri:0, instance:com.nagpassignment.flipkart.uitestcases.ProductDetailTest@35229f85]" started-at="2023-08-01T12:55:30 IST" name="afterMethodUI" finished-at="2023-08-01T12:55:30 IST" duration-ms="941" status="PASS">
          <reporter-output>
          </reporter-output>
        </test-method> <!-- afterMethodUI -->
        <test-method is-config="true" signature="tearDown()[pri:0, instance:com.nagpassignment.flipkart.uitestcases.ProductDetailTest@35229f85]" started-at="2023-08-01T12:55:30 IST" name="tearDown" finished-at="2023-08-01T12:55:31 IST" duration-ms="534" status="PASS">
          <reporter-output>
          </reporter-output>
        </test-method> <!-- tearDown -->
      </class> <!-- com.nagpassignment.flipkart.uitestcases.ProductDetailTest -->
    </test> <!-- MyTest -->
  </suite> <!-- MyTestSuite -->
</testng-results>
