<?xml version="1.0" encoding="UTF-8"?>
<testng-results ignored="4" total="5" passed="1" failed="0" skipped="0">
  <reporter-output>
  </reporter-output>
  <suite started-at="2023-07-02T15:07:39 IST" name="MyTestSuite" finished-at="2023-07-02T15:07:51 IST" duration-ms="11999">
    <groups>
    </groups>
    <test started-at="2023-07-02T15:07:39 IST" name="MyTest" finished-at="2023-07-02T15:07:51 IST" duration-ms="11999">
      <class name="com.nagpassignment.flipkart.uitestcases.ProductDetailTest">
        <test-method is-config="true" signature="setUp()[pri:0, instance:com.nagpassignment.flipkart.uitestcases.ProductDetailTest@5b408dc3]" started-at="2023-07-02T15:07:39 IST" name="setUp" finished-at="2023-07-02T15:07:39 IST" duration-ms="65" status="PASS">
          <reporter-output>
          </reporter-output>
        </test-method> <!-- setUp -->
        <test-method is-config="true" signature="beforeMethodUI()[pri:0, instance:com.nagpassignment.flipkart.uitestcases.ProductDetailTest@5b408dc3]" started-at="2023-07-02T15:07:39 IST" name="beforeMethodUI" finished-at="2023-07-02T15:07:43 IST" duration-ms="4406" status="PASS">
          <reporter-output>
          </reporter-output>
        </test-method> <!-- beforeMethodUI -->
        <test-method is-config="true" signature="setupBeforeMethod(org.testng.ITestResult)[pri:0, instance:com.nagpassignment.flipkart.uitestcases.ProductDetailTest@5b408dc3]" started-at="2023-07-02T15:07:43 IST" name="setupBeforeMethod" finished-at="2023-07-02T15:07:46 IST" duration-ms="2517" status="PASS">
          <params>
            <param index="0">
              <value>
                <![CDATA[[TestResult name={null} status=CREATED method=ProductDetailTest.verifyNoBrokenImages()[pri:0, instance:com.nagpassignment.flipkart.uitestcases.ProductDetailTest@5b408dc3] output={null}]]]>
              </value>
            </param>
          </params>
          <reporter-output>
          </reporter-output>
        </test-method> <!-- setupBeforeMethod -->
        <test-method signature="verifyNoBrokenImages()[pri:0, instance:com.nagpassignment.flipkart.uitestcases.ProductDetailTest@5b408dc3]" started-at="2023-07-02T15:07:46 IST" name="verifyNoBrokenImages" finished-at="2023-07-02T15:07:50 IST" duration-ms="4156" status="PASS">
          <reporter-output>
          </reporter-output>
        </test-method> <!-- verifyNoBrokenImages -->
        <test-method is-config="true" signature="afterMethodUI()[pri:0, instance:com.nagpassignment.flipkart.uitestcases.ProductDetailTest@5b408dc3]" started-at="2023-07-02T15:07:50 IST" name="afterMethodUI" finished-at="2023-07-02T15:07:51 IST" duration-ms="889" status="PASS">
          <reporter-output>
          </reporter-output>
        </test-method> <!-- afterMethodUI -->
        <test-method is-config="true" signature="tearDown()[pri:0, instance:com.nagpassignment.flipkart.uitestcases.ProductDetailTest@5b408dc3]" started-at="2023-07-02T15:07:51 IST" name="tearDown" finished-at="2023-07-02T15:07:51 IST" duration-ms="384" status="PASS">
          <reporter-output>
          </reporter-output>
        </test-method> <!-- tearDown -->
      </class> <!-- com.nagpassignment.flipkart.uitestcases.ProductDetailTest -->
    </test> <!-- MyTest -->
  </suite> <!-- MyTestSuite -->
</testng-results>
