<?xml version="1.0" encoding="UTF-8"?>
<testng-results retried="1" ignored="4" total="7" passed="2" failed="0" skipped="0">
  <reporter-output>
  </reporter-output>
  <suite started-at="2023-07-05T11:05:22 IST" name="MyTestSuite" finished-at="2023-07-05T11:07:08 IST" duration-ms="106560">
    <groups>
    </groups>
    <test started-at="2023-07-05T11:05:22 IST" name="MyTest" finished-at="2023-07-05T11:07:08 IST" duration-ms="106560">
      <class name="com.nagpassignment.flipkart.uitestcases.ProductDetailTest">
        <test-method is-config="true" signature="setUp()[pri:0, instance:com.nagpassignment.flipkart.uitestcases.ProductDetailTest@3c0fae6c]" started-at="2023-07-05T11:05:21 IST" name="setUp" finished-at="2023-07-05T11:05:22 IST" duration-ms="115" status="PASS">
          <reporter-output>
          </reporter-output>
        </test-method> <!-- setUp -->
        <test-method is-config="true" signature="beforeMethodUI()[pri:0, instance:com.nagpassignment.flipkart.uitestcases.ProductDetailTest@3c0fae6c]" started-at="2023-07-05T11:05:22 IST" name="beforeMethodUI" finished-at="2023-07-05T11:05:29 IST" duration-ms="6481" status="PASS">
          <reporter-output>
          </reporter-output>
        </test-method> <!-- beforeMethodUI -->
        <test-method is-config="true" signature="setupBeforeMethod(org.testng.ITestResult)[pri:0, instance:com.nagpassignment.flipkart.uitestcases.ProductDetailTest@3c0fae6c]" started-at="2023-07-05T11:05:29 IST" name="setupBeforeMethod" finished-at="2023-07-05T11:05:55 IST" duration-ms="26008" status="PASS">
          <params>
            <param index="0">
              <value>
                <![CDATA[[TestResult name={null} status=CREATED method=ProductDetailTest.VerifyCorrectRatesAfterDiscount(java.lang.String)[pri:0, instance:com.nagpassignment.flipkart.uitestcases.ProductDetailTest@3c0fae6c] output={null}]]]>
              </value>
            </param>
          </params>
          <reporter-output>
          </reporter-output>
        </test-method> <!-- setupBeforeMethod -->
        <test-method retried="true" signature="VerifyCorrectRatesAfterDiscount(java.lang.String)[pri:0, instance:com.nagpassignment.flipkart.uitestcases.ProductDetailTest@3c0fae6c]" started-at="2023-07-05T11:05:55 IST" name="VerifyCorrectRatesAfterDiscount" data-provider="testData" finished-at="2023-07-05T11:06:17 IST" duration-ms="21731" status="SKIP">
          <params>
            <param index="0">
              <value>
                <![CDATA[Computer]]>
              </value>
            </param>
          </params>
          <exception class="org.openqa.selenium.NoSuchElementException">
            <message>
              <![CDATA[no such element: Unable to locate element: {"method":"xpath","selector":"(//a[@class='s1Q9rs'])[1]"}
  (Session info: chrome=114.0.5735.199)
For documentation on this error, please visit: https://selenium.dev/exceptions/#no_such_element
Build info: version: '4.8.3', revision: 'e5e76298c3'
System info: os.name: 'Windows 11', os.arch: 'amd64', os.version: '10.0', java.version: '17.0.6'
Driver info: org.openqa.selenium.chrome.ChromeDriver
Command: [e9dbcc7b6c88ea85f5c5c488fe268526, findElement {using=xpath, value=(//a[@class='s1Q9rs'])[1]}]
Capabilities {acceptInsecureCerts: false, browserName: chrome, browserVersion: 114.0.5735.199, chrome: {chromedriverVersion: 114.0.5735.90 (386bc09e8f4f..., userDataDir: C:\Users\DEEPAK~1\AppData\L...}, goog:chromeOptions: {debuggerAddress: localhost:51072}, networkConnectionEnabled: false, pageLoadStrategy: normal, platformName: WINDOWS, proxy: Proxy(), se:cdp: ws://localhost:51072/devtoo..., se:cdpVersion: 114.0.5735.199, setWindowRect: true, strictFileInteractability: false, timeouts: {implicit: 0, pageLoad: 300000, script: 30000}, unhandledPromptBehavior: dismiss and notify, webauthn:extension:credBlob: true, webauthn:extension:largeBlob: true, webauthn:extension:minPinLength: true, webauthn:extension:prf: true, webauthn:virtualAuthenticators: true}
Session ID: e9dbcc7b6c88ea85f5c5c488fe268526]]>
            </message>
            <full-stacktrace>
              <![CDATA[org.openqa.selenium.NoSuchElementException: no such element: Unable to locate element: {"method":"xpath","selector":"(//a[@class='s1Q9rs'])[1]"}
  (Session info: chrome=114.0.5735.199)
For documentation on this error, please visit: https://selenium.dev/exceptions/#no_such_element
Build info: version: '4.8.3', revision: 'e5e76298c3'
System info: os.name: 'Windows 11', os.arch: 'amd64', os.version: '10.0', java.version: '17.0.6'
Driver info: org.openqa.selenium.chrome.ChromeDriver
Command: [e9dbcc7b6c88ea85f5c5c488fe268526, findElement {using=xpath, value=(//a[@class='s1Q9rs'])[1]}]
Capabilities {acceptInsecureCerts: false, browserName: chrome, browserVersion: 114.0.5735.199, chrome: {chromedriverVersion: 114.0.5735.90 (386bc09e8f4f..., userDataDir: C:\Users\DEEPAK~1\AppData\L...}, goog:chromeOptions: {debuggerAddress: localhost:51072}, networkConnectionEnabled: false, pageLoadStrategy: normal, platformName: WINDOWS, proxy: Proxy(), se:cdp: ws://localhost:51072/devtoo..., se:cdpVersion: 114.0.5735.199, setWindowRect: true, strictFileInteractability: false, timeouts: {implicit: 0, pageLoad: 300000, script: 30000}, unhandledPromptBehavior: dismiss and notify, webauthn:extension:credBlob: true, webauthn:extension:largeBlob: true, webauthn:extension:minPinLength: true, webauthn:extension:prf: true, webauthn:virtualAuthenticators: true}
Session ID: e9dbcc7b6c88ea85f5c5c488fe268526
at java.base/jdk.internal.reflect.NativeConstructorAccessorImpl.newInstance0(Native Method)
at java.base/jdk.internal.reflect.NativeConstructorAccessorImpl.newInstance(NativeConstructorAccessorImpl.java:77)
at java.base/jdk.internal.reflect.DelegatingConstructorAccessorImpl.newInstance(DelegatingConstructorAccessorImpl.java:45)
at java.base/java.lang.reflect.Constructor.newInstanceWithCaller(Constructor.java:499)
at java.base/java.lang.reflect.Constructor.newInstance(Constructor.java:480)
at org.openqa.selenium.remote.codec.w3c.W3CHttpResponseCodec.createException(W3CHttpResponseCodec.java:200)
at org.openqa.selenium.remote.codec.w3c.W3CHttpResponseCodec.decode(W3CHttpResponseCodec.java:133)
at org.openqa.selenium.remote.codec.w3c.W3CHttpResponseCodec.decode(W3CHttpResponseCodec.java:53)
at org.openqa.selenium.remote.HttpCommandExecutor.execute(HttpCommandExecutor.java:193)
at org.openqa.selenium.remote.service.DriverCommandExecutor.invokeExecute(DriverCommandExecutor.java:183)
at org.openqa.selenium.remote.service.DriverCommandExecutor.execute(DriverCommandExecutor.java:158)
at org.openqa.selenium.remote.RemoteWebDriver.execute(RemoteWebDriver.java:543)
at org.openqa.selenium.remote.ElementLocation$ElementFinder$2.findElement(ElementLocation.java:162)
at org.openqa.selenium.remote.ElementLocation.findElement(ElementLocation.java:60)
at org.openqa.selenium.remote.RemoteWebDriver.findElement(RemoteWebDriver.java:352)
at org.openqa.selenium.remote.RemoteWebDriver.findElement(RemoteWebDriver.java:344)
at java.base/jdk.internal.reflect.NativeMethodAccessorImpl.invoke0(Native Method)
at java.base/jdk.internal.reflect.NativeMethodAccessorImpl.invoke(NativeMethodAccessorImpl.java:77)
at java.base/jdk.internal.reflect.DelegatingMethodAccessorImpl.invoke(DelegatingMethodAccessorImpl.java:43)
at java.base/java.lang.reflect.Method.invoke(Method.java:568)
at org.openqa.selenium.support.events.EventFiringWebDriver.lambda$new$1(EventFiringWebDriver.java:106)
at jdk.proxy2/jdk.proxy2.$Proxy32.findElement(Unknown Source)
at org.openqa.selenium.support.events.EventFiringWebDriver.findElement(EventFiringWebDriver.java:195)
at com.nagpassignment.flipkart.pages.FlipkartSearchPage.clickOnFirstProductLink(FlipkartSearchPage.java:234)
at com.nagpassignment.flipkart.pages.FlipkartSearchPage.goToProductDetailPage(FlipkartSearchPage.java:207)
at com.nagpassignment.flipkart.uitestcases.ProductDetailTest.VerifyCorrectRatesAfterDiscount(ProductDetailTest.java:159)
at java.base/jdk.internal.reflect.NativeMethodAccessorImpl.invoke0(Native Method)
at java.base/jdk.internal.reflect.NativeMethodAccessorImpl.invoke(NativeMethodAccessorImpl.java:77)
at java.base/jdk.internal.reflect.DelegatingMethodAccessorImpl.invoke(DelegatingMethodAccessorImpl.java:43)
at java.base/java.lang.reflect.Method.invoke(Method.java:568)
at org.testng.internal.MethodInvocationHelper.invokeMethod(MethodInvocationHelper.java:133)
at org.testng.internal.TestInvoker.invokeMethod(TestInvoker.java:598)
at org.testng.internal.TestInvoker.invokeTestMethod(TestInvoker.java:173)
at org.testng.internal.MethodRunner.runInSequence(MethodRunner.java:46)
at org.testng.internal.TestInvoker$MethodInvocationAgent.invoke(TestInvoker.java:824)
at org.testng.internal.TestInvoker.invokeTestMethods(TestInvoker.java:146)
at org.testng.internal.TestMethodWorker.invokeTestMethods(TestMethodWorker.java:146)
at org.testng.internal.TestMethodWorker.run(TestMethodWorker.java:128)
at java.base/java.util.ArrayList.forEach(ArrayList.java:1511)
at org.testng.TestRunner.privateRun(TestRunner.java:794)
at org.testng.TestRunner.run(TestRunner.java:596)
at org.testng.SuiteRunner.runTest(SuiteRunner.java:377)
at org.testng.SuiteRunner.runSequentially(SuiteRunner.java:371)
at org.testng.SuiteRunner.privateRun(SuiteRunner.java:332)
at org.testng.SuiteRunner.run(SuiteRunner.java:276)
at org.testng.SuiteRunnerWorker.runSuite(SuiteRunnerWorker.java:53)
at org.testng.SuiteRunnerWorker.run(SuiteRunnerWorker.java:96)
at org.testng.TestNG.runSuitesSequentially(TestNG.java:1212)
at org.testng.TestNG.runSuitesLocally(TestNG.java:1134)
at org.testng.TestNG.runSuites(TestNG.java:1063)
at org.testng.TestNG.run(TestNG.java:1031)
at org.testng.remote.AbstractRemoteTestNG.run(AbstractRemoteTestNG.java:115)
at org.testng.remote.RemoteTestNG.initAndRun(RemoteTestNG.java:251)
at org.testng.remote.RemoteTestNG.main(RemoteTestNG.java:77)
]]>
            </full-stacktrace>
          </exception> <!-- org.openqa.selenium.NoSuchElementException -->
          <reporter-output>
          </reporter-output>
        </test-method> <!-- VerifyCorrectRatesAfterDiscount -->
        <test-method is-config="true" signature="teardownAfterMethod(org.testng.ITestResult)[pri:0, instance:com.nagpassignment.flipkart.uitestcases.ProductDetailTest@3c0fae6c]" started-at="2023-07-05T11:06:17 IST" name="teardownAfterMethod" finished-at="2023-07-05T11:06:17 IST" duration-ms="12" status="PASS">
          <params>
            <param index="0">
              <value>
                <![CDATA[[TestResult name=VerifyCorrectRatesAfterDiscount status=SKIP method=ProductDetailTest.VerifyCorrectRatesAfterDiscount(java.lang.String)[pri:0, instance:com.nagpassignment.flipkart.uitestcases.ProductDetailTest@3c0fae6c] output={null}]]]>
              </value>
            </param>
          </params>
          <reporter-output>
          </reporter-output>
        </test-method> <!-- teardownAfterMethod -->
        <test-method is-config="true" signature="afterMethodUI()[pri:0, instance:com.nagpassignment.flipkart.uitestcases.ProductDetailTest@3c0fae6c]" started-at="2023-07-05T11:06:17 IST" name="afterMethodUI" finished-at="2023-07-05T11:06:17 IST" duration-ms="393" status="PASS">
          <reporter-output>
          </reporter-output>
        </test-method> <!-- afterMethodUI -->
        <test-method is-config="true" signature="beforeMethodUI()[pri:0, instance:com.nagpassignment.flipkart.uitestcases.ProductDetailTest@3c0fae6c]" started-at="2023-07-05T11:06:17 IST" name="beforeMethodUI" finished-at="2023-07-05T11:06:21 IST" duration-ms="3707" status="PASS">
          <reporter-output>
          </reporter-output>
        </test-method> <!-- beforeMethodUI -->
        <test-method is-config="true" signature="setupBeforeMethod(org.testng.ITestResult)[pri:0, instance:com.nagpassignment.flipkart.uitestcases.ProductDetailTest@3c0fae6c]" started-at="2023-07-05T11:06:21 IST" name="setupBeforeMethod" finished-at="2023-07-05T11:06:26 IST" duration-ms="4825" status="PASS">
          <params>
            <param index="0">
              <value>
                <![CDATA[[TestResult name={null} status=CREATED method=ProductDetailTest.VerifyCorrectRatesAfterDiscount(java.lang.String)[pri:0, instance:com.nagpassignment.flipkart.uitestcases.ProductDetailTest@3c0fae6c] output={null}]]]>
              </value>
            </param>
          </params>
          <reporter-output>
          </reporter-output>
        </test-method> <!-- setupBeforeMethod -->
        <test-method signature="VerifyCorrectRatesAfterDiscount(java.lang.String)[pri:0, instance:com.nagpassignment.flipkart.uitestcases.ProductDetailTest@3c0fae6c]" started-at="2023-07-05T11:06:26 IST" name="VerifyCorrectRatesAfterDiscount" data-provider="testData" finished-at="2023-07-05T11:06:51 IST" duration-ms="25935" status="PASS">
          <params>
            <param index="0">
              <value>
                <![CDATA[Computer]]>
              </value>
            </param>
          </params>
          <reporter-output>
          </reporter-output>
        </test-method> <!-- VerifyCorrectRatesAfterDiscount -->
        <test-method is-config="true" signature="teardownAfterMethod(org.testng.ITestResult)[pri:0, instance:com.nagpassignment.flipkart.uitestcases.ProductDetailTest@3c0fae6c]" started-at="2023-07-05T11:06:51 IST" name="teardownAfterMethod" finished-at="2023-07-05T11:06:51 IST" duration-ms="1" status="PASS">
          <params>
            <param index="0">
              <value>
                <![CDATA[[TestResult name=VerifyCorrectRatesAfterDiscount status=SUCCESS method=ProductDetailTest.VerifyCorrectRatesAfterDiscount(java.lang.String)[pri:0, instance:com.nagpassignment.flipkart.uitestcases.ProductDetailTest@3c0fae6c] output={null}]]]>
              </value>
            </param>
          </params>
          <reporter-output>
          </reporter-output>
        </test-method> <!-- teardownAfterMethod -->
        <test-method is-config="true" signature="afterMethodUI()[pri:0, instance:com.nagpassignment.flipkart.uitestcases.ProductDetailTest@3c0fae6c]" started-at="2023-07-05T11:06:51 IST" name="afterMethodUI" finished-at="2023-07-05T11:06:52 IST" duration-ms="699" status="PASS">
          <reporter-output>
          </reporter-output>
        </test-method> <!-- afterMethodUI -->
        <test-method is-config="true" signature="beforeMethodUI()[pri:0, instance:com.nagpassignment.flipkart.uitestcases.ProductDetailTest@3c0fae6c]" started-at="2023-07-05T11:06:52 IST" name="beforeMethodUI" finished-at="2023-07-05T11:06:56 IST" duration-ms="3794" status="PASS">
          <reporter-output>
          </reporter-output>
        </test-method> <!-- beforeMethodUI -->
        <test-method is-config="true" signature="setupBeforeMethod(org.testng.ITestResult)[pri:0, instance:com.nagpassignment.flipkart.uitestcases.ProductDetailTest@3c0fae6c]" started-at="2023-07-05T11:06:56 IST" name="setupBeforeMethod" finished-at="2023-07-05T11:07:00 IST" duration-ms="4351" status="PASS">
          <params>
            <param index="0">
              <value>
                <![CDATA[[TestResult name={null} status=CREATED method=ProductDetailTest.VerifyCorrectRatesAfterDiscount(java.lang.String)[pri:0, instance:com.nagpassignment.flipkart.uitestcases.ProductDetailTest@3c0fae6c] output={null}]]]>
              </value>
            </param>
          </params>
          <reporter-output>
          </reporter-output>
        </test-method> <!-- setupBeforeMethod -->
        <test-method signature="VerifyCorrectRatesAfterDiscount(java.lang.String)[pri:0, instance:com.nagpassignment.flipkart.uitestcases.ProductDetailTest@3c0fae6c]" started-at="2023-07-05T11:07:00 IST" name="VerifyCorrectRatesAfterDiscount" data-provider="testData" finished-at="2023-07-05T11:07:08 IST" duration-ms="7329" status="PASS">
          <params>
            <param index="0">
              <value>
                <![CDATA[HeadPhones]]>
              </value>
            </param>
          </params>
          <reporter-output>
          </reporter-output>
        </test-method> <!-- VerifyCorrectRatesAfterDiscount -->
        <test-method is-config="true" signature="teardownAfterMethod(org.testng.ITestResult)[pri:0, instance:com.nagpassignment.flipkart.uitestcases.ProductDetailTest@3c0fae6c]" started-at="2023-07-05T11:07:08 IST" name="teardownAfterMethod" finished-at="2023-07-05T11:07:08 IST" duration-ms="1" status="PASS">
          <params>
            <param index="0">
              <value>
                <![CDATA[[TestResult name=VerifyCorrectRatesAfterDiscount status=SUCCESS method=ProductDetailTest.VerifyCorrectRatesAfterDiscount(java.lang.String)[pri:0, instance:com.nagpassignment.flipkart.uitestcases.ProductDetailTest@3c0fae6c] output={null}]]]>
              </value>
            </param>
          </params>
          <reporter-output>
          </reporter-output>
        </test-method> <!-- teardownAfterMethod -->
        <test-method is-config="true" signature="afterMethodUI()[pri:0, instance:com.nagpassignment.flipkart.uitestcases.ProductDetailTest@3c0fae6c]" started-at="2023-07-05T11:07:08 IST" name="afterMethodUI" finished-at="2023-07-05T11:07:08 IST" duration-ms="489" status="PASS">
          <reporter-output>
          </reporter-output>
        </test-method> <!-- afterMethodUI -->
        <test-method is-config="true" signature="tearDown()[pri:0, instance:com.nagpassignment.flipkart.uitestcases.ProductDetailTest@3c0fae6c]" started-at="2023-07-05T11:07:08 IST" name="tearDown" finished-at="2023-07-05T11:07:09 IST" duration-ms="593" status="PASS">
          <reporter-output>
          </reporter-output>
        </test-method> <!-- tearDown -->
      </class> <!-- com.nagpassignment.flipkart.uitestcases.ProductDetailTest -->
    </test> <!-- MyTest -->
  </suite> <!-- MyTestSuite -->
</testng-results>
